\BOOKMARK [0][-]{chapter*.2}{\376\377\000K\000i\000v\000o\000n\000a\000t}{}% 1
\BOOKMARK [0][-]{chapter*.3}{\376\377\000A\000b\000s\000t\000r\000a\000c\000t}{}% 2
\BOOKMARK [0][-]{chapter.1}{\376\377\000I\000n\000t\000r\000o\000d\000u\000c\000t\000i\000o\000n}{}% 3
\BOOKMARK [0][-]{chapter.2}{\376\377\000L\000a\000T\000e\000X\000-\000e\000s\000z\000k\000\366\000z\000\366\000k}{}% 4
\BOOKMARK [1][-]{section.2.1}{\376\377\000A\000\040\000s\000z\000e\000r\000k\000e\000s\000z\000t\000\351\000s\000h\000e\000z\000\040\000h\000a\000s\000z\000n\000\341\000l\000a\000t\000o\000s\000\040\000e\000s\000z\000k\000\366\000z\000\366\000k}{chapter.2}% 5
\BOOKMARK [1][-]{section.2.2}{\376\377\000A\000\040\000d\000o\000k\000u\000m\000e\000n\000t\000u\000m\000\040\000l\000e\000f\000o\000r\000d\000\355\000t\000\341\000s\000a\000\040\000W\000i\000n\000d\000o\000w\000s\000\040\000a\000l\000a\000t\000t}{chapter.2}% 6
\BOOKMARK [1][-]{section.2.3}{\376\377\000E\000s\000z\000k\000\366\000z\000\366\000k\000\040\000L\000i\000n\000u\000x\000h\000o\000z}{chapter.2}% 7
\BOOKMARK [0][-]{chapter.3}{\376\377\000A\000\040\000d\000o\000l\000g\000o\000z\000a\000t\000\040\000f\000o\000r\000m\000a\000i\000\040\000k\000i\000v\000i\000t\000e\000l\000e}{}% 8
\BOOKMARK [1][-]{section.3.1}{\376\377\000A\000\040\000d\000o\000l\000g\000o\000z\000a\000t\000\040\000k\000i\000m\000\351\000r\000e\000t\000e}{chapter.3}% 9
\BOOKMARK [1][-]{section.3.2}{\376\377\000A\000\040\000d\000o\000l\000g\000o\000z\000a\000t\000\040\000n\000y\000e\000l\000v\000e}{chapter.3}% 10
\BOOKMARK [1][-]{section.3.3}{\376\377\000A\000\040\000d\000o\000k\000u\000m\000e\000n\000t\000u\000m\000\040\000n\000y\000o\000m\000d\000a\000t\000e\000c\000h\000n\000i\000k\000a\000i\000\040\000k\000i\000v\000i\000t\000e\000l\000e}{chapter.3}% 11
\BOOKMARK [0][-]{chapter.4}{\376\377\000A\000\040\000L\000a\000T\000e\000X\000-\000s\000a\000b\000l\000o\000n\000\040\000h\000a\000s\000z\000n\000\341\000l\000a\000t\000a}{}% 12
\BOOKMARK [1][-]{section.4.1}{\376\377\000C\000\355\000m\000k\000\351\000k\000\040\000\351\000s\000\040\000h\000i\000v\000a\000t\000k\000o\000z\000\341\000s\000o\000k}{chapter.4}% 13
\BOOKMARK [1][-]{section.4.2}{\376\377\000\301\000b\000r\000\341\000k\000\040\000\351\000s\000\040\000t\000\341\000b\000l\000\341\000z\000a\000t\000o\000k}{chapter.4}% 14
\BOOKMARK [1][-]{section.4.3}{\376\377\000F\000e\000l\000s\000o\000r\000o\000l\000\341\000s\000o\000k\000\040\000\351\000s\000\040\000l\000i\000s\000t\000\341\000k}{chapter.4}% 15
\BOOKMARK [1][-]{section.4.4}{\376\377\000K\000\351\000p\000l\000e\000t\000e\000k}{chapter.4}% 16
\BOOKMARK [1][-]{section.4.5}{\376\377\000I\000r\000o\000d\000a\000l\000m\000i\000\040\000h\000i\000v\000a\000t\000k\000o\000z\000\341\000s\000o\000k}{chapter.4}% 17
\BOOKMARK [1][-]{section.4.6}{\376\377\000A\000\040\000d\000o\000l\000g\000o\000z\000a\000t\000\040\000s\000z\000e\000r\000k\000e\000z\000e\000t\000e\000\040\000\351\000s\000\040\000a\000\040\000f\000o\000r\000r\000\341\000s\000f\000\341\000j\000l\000o\000k}{chapter.4}% 18
\BOOKMARK [1][-]{section.4.7}{\376\377\000A\000l\000a\000p\000a\000d\000a\000t\000o\000k\000\040\000m\000e\000g\000a\000d\000\341\000s\000a}{chapter.4}% 19
\BOOKMARK [1][-]{section.4.8}{\376\377\000\332\000j\000\040\000f\000e\000j\000e\000z\000e\000t\000\040\000\355\000r\000\341\000s\000a}{chapter.4}% 20
\BOOKMARK [1][-]{section.4.9}{\376\377\000D\000e\000f\000i\000n\000\355\000c\000i\000\363\000k\000,\000\040\000t\000\351\000t\000e\000l\000e\000k\000,\000\040\000p\000\351\000l\000d\000\341\000k}{chapter.4}% 21
\BOOKMARK [0][-]{chapter*.8}{\376\377\000A\000c\000k\000n\000o\000w\000l\000e\000d\000g\000e\000m\000e\000n\000t\000s}{}% 22
\BOOKMARK [0][-]{chapter*.8}{\376\377\000B\000i\000b\000l\000i\000o\000g\000r\000a\000p\000h\000y}{}% 23
\BOOKMARK [0][-]{appendix*.10}{\376\377\000A\000p\000p\000e\000n\000d\000i\000x}{}% 24
\BOOKMARK [1][-]{section.A.1}{\376\377\000A\000\040\000T\000e\000X\000s\000t\000u\000d\000i\000o\000\040\000f\000e\000l\000\374\000l\000e\000t\000e}{appendix*.10}% 25
\BOOKMARK [1][-]{section.A.2}{\376\377\000V\000\341\000l\000a\000s\000z\000\040\000a\000z\000\040\000,\000,\000\311\000l\000e\000t\000,\000\040\000a\000\040\000v\000i\000l\000\341\000g\000m\000i\000n\000d\000e\000n\000s\000\351\000g\000,\000\040\000m\000e\000g\000\040\000m\000i\000n\000d\000e\000n\000'\000'\000\040\000k\000\351\000r\000d\000\351\000s\000\351\000r\000e}{appendix*.10}% 26
